<?xml version="1.0" encoding="UTF-8" ?>
<testsuite tests="22" failures="0" name="app.TesteSubtracaoParametrizado" time="0.001" errors="0" skipped="0">
  <properties>
    <property name="java.runtime.name" value="OpenJDK Runtime Environment"/>
    <property name="sun.boot.library.path" value="/usr/lib/jvm/java-8-openjdk-amd64/jre/lib/amd64"/>
    <property name="java.vm.version" value="25.292-b10"/>
    <property name="java.vm.vendor" value="Private Build"/>
    <property name="maven.multiModuleProjectDirectory" value="/mnt/c/Users/marcos/Desktop/java/Calculadora"/>
    <property name="java.vendor.url" value="http://java.oracle.com/"/>
    <property name="path.separator" value=":"/>
    <property name="guice.disable.misplaced.annotation.check" value="true"/>
    <property name="java.vm.name" value="OpenJDK 64-Bit Server VM"/>
    <property name="file.encoding.pkg" value="sun.io"/>
    <property name="sun.java.launcher" value="SUN_STANDARD"/>
    <property name="sun.os.patch.level" value="unknown"/>
    <property name="java.vm.specification.name" value="Java Virtual Machine Specification"/>
    <property name="user.dir" value="/mnt/c/Users/marcos/Desktop/java/Calculadora"/>
    <property name="java.runtime.version" value="1.8.0_292-8u292-b10-0ubuntu1~20.04-b10"/>
    <property name="java.awt.graphicsenv" value="sun.awt.X11GraphicsEnvironment"/>
    <property name="java.endorsed.dirs" value="/usr/lib/jvm/java-8-openjdk-amd64/jre/lib/endorsed"/>
    <property name="os.arch" value="amd64"/>
    <property name="java.io.tmpdir" value="/tmp"/>
    <property name="line.separator" value="
"/>
    <property name="java.vm.specification.vendor" value="Oracle Corporation"/>
    <property name="os.name" value="Linux"/>
    <property name="maven.ext.class.path" value="/home/marcos/netbeans-12.4/netbeans/java/maven-nblib/netbeans-eventspy.jar"/>
    <property name="classworlds.conf" value="/home/marcos/netbeans-12.4/netbeans/java/maven/bin/m2.conf"/>
    <property name="sun.jnu.encoding" value="UTF-8"/>
    <property name="java.library.path" value="/usr/java/packages/lib/amd64:/usr/lib/x86_64-linux-gnu/jni:/lib/x86_64-linux-gnu:/usr/lib/x86_64-linux-gnu:/usr/lib/jni:/lib:/usr/lib"/>
    <property name="maven.conf" value="/home/marcos/netbeans-12.4/netbeans/java/maven/conf"/>
    <property name="java.specification.name" value="Java Platform API Specification"/>
    <property name="java.class.version" value="52.0"/>
    <property name="sun.management.compiler" value="HotSpot 64-Bit Tiered Compilers"/>
    <property name="os.version" value="5.4.72-microsoft-standard-WSL2"/>
    <property name="library.jansi.path" value="/home/marcos/netbeans-12.4/netbeans/java/maven/lib/jansi-native"/>
    <property name="user.home" value="/home/marcos"/>
    <property name="user.timezone" value="America/Sao_Paulo"/>
    <property name="java.awt.printerjob" value="sun.print.PSPrinterJob"/>
    <property name="java.specification.version" value="1.8"/>
    <property name="file.encoding" value="UTF-8"/>
    <property name="user.name" value="marcos"/>
    <property name="java.class.path" value="/home/marcos/netbeans-12.4/netbeans/java/maven/boot/plexus-classworlds-2.6.0.jar"/>
    <property name="java.vm.specification.version" value="1.8"/>
    <property name="sun.arch.data.model" value="64"/>
    <property name="java.home" value="/usr/lib/jvm/java-8-openjdk-amd64/jre"/>
    <property name="sun.java.command" value="org.codehaus.plexus.classworlds.launcher.Launcher -Dmaven.ext.class.path=/home/marcos/netbeans-12.4/netbeans/java/maven-nblib/netbeans-eventspy.jar test"/>
    <property name="java.specification.vendor" value="Oracle Corporation"/>
    <property name="user.language" value="en"/>
    <property name="awt.toolkit" value="sun.awt.X11.XToolkit"/>
    <property name="java.vm.info" value="mixed mode"/>
    <property name="java.version" value="1.8.0_292"/>
    <property name="java.ext.dirs" value="/usr/lib/jvm/java-8-openjdk-amd64/jre/lib/ext:/usr/java/packages/lib/ext"/>
    <property name="securerandom.source" value="file:/dev/./urandom"/>
    <property name="sun.boot.class.path" value="/usr/lib/jvm/java-8-openjdk-amd64/jre/lib/resources.jar:/usr/lib/jvm/java-8-openjdk-amd64/jre/lib/rt.jar:/usr/lib/jvm/java-8-openjdk-amd64/jre/lib/sunrsasign.jar:/usr/lib/jvm/java-8-openjdk-amd64/jre/lib/jsse.jar:/usr/lib/jvm/java-8-openjdk-amd64/jre/lib/jce.jar:/usr/lib/jvm/java-8-openjdk-amd64/jre/lib/charsets.jar:/usr/lib/jvm/java-8-openjdk-amd64/jre/lib/jfr.jar:/usr/lib/jvm/java-8-openjdk-amd64/jre/classes"/>
    <property name="java.vendor" value="Private Build"/>
    <property name="maven.home" value="/home/marcos/netbeans-12.4/netbeans/java/maven"/>
    <property name="file.separator" value="/"/>
    <property name="java.vendor.url.bug" value="http://bugreport.sun.com/bugreport/"/>
    <property name="sun.cpu.endian" value="little"/>
    <property name="sun.io.unicode.encoding" value="UnicodeLittle"/>
    <property name="sun.cpu.isalist" value=""/>
  </properties>
  <testcase classname="app.TesteSubtracaoParametrizado" name="testWithParameters[0]" time="0"/>
  <testcase classname="app.TesteSubtracaoParametrizado" name="testWithParameters[1]" time="0"/>
  <testcase classname="app.TesteSubtracaoParametrizado" name="testWithParameters[2]" time="0"/>
  <testcase classname="app.TesteSubtracaoParametrizado" name="testWithParameters[3]" time="0"/>
  <testcase classname="app.TesteSubtracaoParametrizado" name="testWithParameters[4]" time="0"/>
  <testcase classname="app.TesteSubtracaoParametrizado" name="testWithParameters[5]" time="0"/>
  <testcase classname="app.TesteSubtracaoParametrizado" name="testWithParameters[6]" time="0"/>
  <testcase classname="app.TesteSubtracaoParametrizado" name="testWithParameters[7]" time="0"/>
  <testcase classname="app.TesteSubtracaoParametrizado" name="testWithParameters[8]" time="0"/>
  <testcase classname="app.TesteSubtracaoParametrizado" name="testWithParameters[9]" time="0"/>
  <testcase classname="app.TesteSubtracaoParametrizado" name="testWithParameters[10]" time="0"/>
  <testcase classname="app.TesteSubtracaoParametrizado" name="testWithParameters[11]" time="0"/>
  <testcase classname="app.TesteSubtracaoParametrizado" name="testWithParameters[12]" time="0.001"/>
  <testcase classname="app.TesteSubtracaoParametrizado" name="testWithParameters[13]" time="0"/>
  <testcase classname="app.TesteSubtracaoParametrizado" name="testWithParameters[14]" time="0"/>
  <testcase classname="app.TesteSubtracaoParametrizado" name="testWithParameters[15]" time="0"/>
  <testcase classname="app.TesteSubtracaoParametrizado" name="testWithParameters[16]" time="0"/>
  <testcase classname="app.TesteSubtracaoParametrizado" name="testWithParameters[17]" time="0"/>
  <testcase classname="app.TesteSubtracaoParametrizado" name="testWithParameters[18]" time="0"/>
  <testcase classname="app.TesteSubtracaoParametrizado" name="testWithParameters[19]" time="0"/>
  <testcase classname="app.TesteSubtracaoParametrizado" name="testWithParameters[20]" time="0"/>
  <testcase classname="app.TesteSubtracaoParametrizado" name="testWithParameters[21]" time="0"/>
</testsuite>